[2024-05-10 00:30:01,502]{/tmp/ipykernel_724967/3638862659.py:62}INFO:AMKS: center_stable_random_graph3
[2024-05-10 00:30:01,502]{/tmp/ipykernel_724967/3638862659.py:63}INFO:sigma =1
[2024-05-10 00:30:01,502]{/tmp/ipykernel_724967/3638862659.py:64}INFO:hop =2
[2024-05-10 00:30:01,502]{/tmp/ipykernel_724967/3638862659.py:65}INFO:step =4
[2024-05-10 00:30:01,502]{/tmp/ipykernel_724967/3638862659.py:66}INFO:time =0.2
[2024-05-10 00:30:01,740]{/tmp/ipykernel_724967/3638862659.py:94}INFO:node: 0
[2024-05-10 00:30:01,740]{/tmp/ipykernel_724967/3638862659.py:96}INFO:Top 5 Score = 0.95
[2024-05-10 00:30:01,740]{/tmp/ipykernel_724967/3638862659.py:96}INFO:Top 10 Score = 1.0
[2024-05-10 00:30:01,741]{/tmp/ipykernel_724967/3638862659.py:96}INFO:Top 20 Score = 1.0
[2024-05-10 00:30:01,741]{/tmp/ipykernel_724967/3638862659.py:94}INFO:node: 1
[2024-05-10 00:30:01,741]{/tmp/ipykernel_724967/3638862659.py:96}INFO:Top 5 Score = 0.5
[2024-05-10 00:30:01,741]{/tmp/ipykernel_724967/3638862659.py:96}INFO:Top 10 Score = 0.73
[2024-05-10 00:30:01,742]{/tmp/ipykernel_724967/3638862659.py:96}INFO:Top 20 Score = 0.87
[2024-05-10 00:30:01,742]{/tmp/ipykernel_724967/3638862659.py:94}INFO:node: 2
[2024-05-10 00:30:01,742]{/tmp/ipykernel_724967/3638862659.py:96}INFO:Top 5 Score = 0.26
[2024-05-10 00:30:01,743]{/tmp/ipykernel_724967/3638862659.py:96}INFO:Top 10 Score = 0.65
[2024-05-10 00:30:01,743]{/tmp/ipykernel_724967/3638862659.py:96}INFO:Top 20 Score = 0.98
[2024-05-10 00:30:01,744]{/tmp/ipykernel_724967/3638862659.py:94}INFO:node: 3
[2024-05-10 00:30:01,744]{/tmp/ipykernel_724967/3638862659.py:96}INFO:Top 5 Score = 0.19
[2024-05-10 00:30:01,744]{/tmp/ipykernel_724967/3638862659.py:96}INFO:Top 10 Score = 0.67
[2024-05-10 00:30:01,745]{/tmp/ipykernel_724967/3638862659.py:96}INFO:Top 20 Score = 0.99
[2024-05-10 00:30:01,745]{/tmp/ipykernel_724967/3638862659.py:94}INFO:node: 4
[2024-05-10 00:30:01,745]{/tmp/ipykernel_724967/3638862659.py:96}INFO:Top 5 Score = 0.25
[2024-05-10 00:30:01,746]{/tmp/ipykernel_724967/3638862659.py:96}INFO:Top 10 Score = 0.67
[2024-05-10 00:30:01,747]{/tmp/ipykernel_724967/3638862659.py:96}INFO:Top 20 Score = 0.99
[2024-05-10 00:30:01,747]{/tmp/ipykernel_724967/3638862659.py:94}INFO:node: 5
[2024-05-10 00:30:01,748]{/tmp/ipykernel_724967/3638862659.py:96}INFO:Top 5 Score = 0.3
[2024-05-10 00:30:01,748]{/tmp/ipykernel_724967/3638862659.py:96}INFO:Top 10 Score = 0.68
[2024-05-10 00:30:01,749]{/tmp/ipykernel_724967/3638862659.py:96}INFO:Top 20 Score = 0.99
