[2024-05-10 00:28:23,131]{/tmp/ipykernel_724967/3638862659.py:62}INFO:AMKS: center_stable_random_graph3
[2024-05-10 00:28:23,131]{/tmp/ipykernel_724967/3638862659.py:63}INFO:sigma =1
[2024-05-10 00:28:23,131]{/tmp/ipykernel_724967/3638862659.py:64}INFO:hop =2
[2024-05-10 00:28:23,131]{/tmp/ipykernel_724967/3638862659.py:65}INFO:step =4
[2024-05-10 00:28:23,131]{/tmp/ipykernel_724967/3638862659.py:66}INFO:time =0.2
[2024-05-10 00:28:23,388]{/tmp/ipykernel_724967/3638862659.py:94}INFO:node: 0
[2024-05-10 00:28:23,389]{/tmp/ipykernel_724967/3638862659.py:96}INFO:Top 5 Score = 0.95
[2024-05-10 00:28:23,389]{/tmp/ipykernel_724967/3638862659.py:96}INFO:Top 10 Score = 1.0
[2024-05-10 00:28:23,390]{/tmp/ipykernel_724967/3638862659.py:96}INFO:Top 20 Score = 1.0
[2024-05-10 00:28:23,390]{/tmp/ipykernel_724967/3638862659.py:94}INFO:node: 1
[2024-05-10 00:28:23,390]{/tmp/ipykernel_724967/3638862659.py:96}INFO:Top 5 Score = 0.5
[2024-05-10 00:28:23,390]{/tmp/ipykernel_724967/3638862659.py:96}INFO:Top 10 Score = 0.73
[2024-05-10 00:28:23,391]{/tmp/ipykernel_724967/3638862659.py:96}INFO:Top 20 Score = 0.87
[2024-05-10 00:28:23,391]{/tmp/ipykernel_724967/3638862659.py:94}INFO:node: 2
[2024-05-10 00:28:23,391]{/tmp/ipykernel_724967/3638862659.py:96}INFO:Top 5 Score = 0.26
[2024-05-10 00:28:23,392]{/tmp/ipykernel_724967/3638862659.py:96}INFO:Top 10 Score = 0.65
[2024-05-10 00:28:23,393]{/tmp/ipykernel_724967/3638862659.py:96}INFO:Top 20 Score = 0.98
[2024-05-10 00:28:23,393]{/tmp/ipykernel_724967/3638862659.py:94}INFO:node: 3
[2024-05-10 00:28:23,393]{/tmp/ipykernel_724967/3638862659.py:96}INFO:Top 5 Score = 0.19
[2024-05-10 00:28:23,394]{/tmp/ipykernel_724967/3638862659.py:96}INFO:Top 10 Score = 0.67
[2024-05-10 00:28:23,394]{/tmp/ipykernel_724967/3638862659.py:96}INFO:Top 20 Score = 0.99
[2024-05-10 00:28:23,395]{/tmp/ipykernel_724967/3638862659.py:94}INFO:node: 4
[2024-05-10 00:28:23,395]{/tmp/ipykernel_724967/3638862659.py:96}INFO:Top 5 Score = 0.25
[2024-05-10 00:28:23,395]{/tmp/ipykernel_724967/3638862659.py:96}INFO:Top 10 Score = 0.67
[2024-05-10 00:28:23,396]{/tmp/ipykernel_724967/3638862659.py:96}INFO:Top 20 Score = 0.99
[2024-05-10 00:28:23,396]{/tmp/ipykernel_724967/3638862659.py:94}INFO:node: 5
[2024-05-10 00:28:23,396]{/tmp/ipykernel_724967/3638862659.py:96}INFO:Top 5 Score = 0.3
[2024-05-10 00:28:23,396]{/tmp/ipykernel_724967/3638862659.py:96}INFO:Top 10 Score = 0.68
[2024-05-10 00:28:23,397]{/tmp/ipykernel_724967/3638862659.py:96}INFO:Top 20 Score = 0.99
[2024-05-10 00:28:42,852]{/tmp/ipykernel_724967/3638862659.py:62}INFO:AMKS: center_stable_random_graph3
[2024-05-10 00:28:42,853]{/tmp/ipykernel_724967/3638862659.py:63}INFO:sigma =1
[2024-05-10 00:28:42,853]{/tmp/ipykernel_724967/3638862659.py:64}INFO:hop =2
[2024-05-10 00:28:42,853]{/tmp/ipykernel_724967/3638862659.py:65}INFO:step =4
[2024-05-10 00:28:42,853]{/tmp/ipykernel_724967/3638862659.py:66}INFO:time =0.2
[2024-05-10 00:28:43,127]{/tmp/ipykernel_724967/3638862659.py:94}INFO:node: 0
[2024-05-10 00:28:43,128]{/tmp/ipykernel_724967/3638862659.py:96}INFO:Top 5 Score = 0.95
[2024-05-10 00:28:43,128]{/tmp/ipykernel_724967/3638862659.py:96}INFO:Top 10 Score = 1.0
[2024-05-10 00:28:43,129]{/tmp/ipykernel_724967/3638862659.py:96}INFO:Top 20 Score = 1.0
[2024-05-10 00:28:43,130]{/tmp/ipykernel_724967/3638862659.py:94}INFO:node: 1
[2024-05-10 00:28:43,130]{/tmp/ipykernel_724967/3638862659.py:96}INFO:Top 5 Score = 0.5
[2024-05-10 00:28:43,130]{/tmp/ipykernel_724967/3638862659.py:96}INFO:Top 10 Score = 0.73
[2024-05-10 00:28:43,130]{/tmp/ipykernel_724967/3638862659.py:96}INFO:Top 20 Score = 0.87
[2024-05-10 00:28:43,130]{/tmp/ipykernel_724967/3638862659.py:94}INFO:node: 2
[2024-05-10 00:28:43,130]{/tmp/ipykernel_724967/3638862659.py:96}INFO:Top 5 Score = 0.26
[2024-05-10 00:28:43,130]{/tmp/ipykernel_724967/3638862659.py:96}INFO:Top 10 Score = 0.65
[2024-05-10 00:28:43,130]{/tmp/ipykernel_724967/3638862659.py:96}INFO:Top 20 Score = 0.98
[2024-05-10 00:28:43,131]{/tmp/ipykernel_724967/3638862659.py:94}INFO:node: 3
[2024-05-10 00:28:43,131]{/tmp/ipykernel_724967/3638862659.py:96}INFO:Top 5 Score = 0.19
[2024-05-10 00:28:43,131]{/tmp/ipykernel_724967/3638862659.py:96}INFO:Top 10 Score = 0.67
[2024-05-10 00:28:43,131]{/tmp/ipykernel_724967/3638862659.py:96}INFO:Top 20 Score = 0.99
[2024-05-10 00:28:43,132]{/tmp/ipykernel_724967/3638862659.py:94}INFO:node: 4
[2024-05-10 00:28:43,134]{/tmp/ipykernel_724967/3638862659.py:96}INFO:Top 5 Score = 0.25
[2024-05-10 00:28:43,134]{/tmp/ipykernel_724967/3638862659.py:96}INFO:Top 10 Score = 0.67
[2024-05-10 00:28:43,134]{/tmp/ipykernel_724967/3638862659.py:96}INFO:Top 20 Score = 0.99
[2024-05-10 00:28:43,135]{/tmp/ipykernel_724967/3638862659.py:94}INFO:node: 5
[2024-05-10 00:28:43,135]{/tmp/ipykernel_724967/3638862659.py:96}INFO:Top 5 Score = 0.3
[2024-05-10 00:28:43,136]{/tmp/ipykernel_724967/3638862659.py:96}INFO:Top 10 Score = 0.68
[2024-05-10 00:28:43,136]{/tmp/ipykernel_724967/3638862659.py:96}INFO:Top 20 Score = 0.99
[2024-05-10 00:28:46,263]{/tmp/ipykernel_724967/3638862659.py:62}INFO:AMKS: center_stable_random_graph3
[2024-05-10 00:28:46,263]{/tmp/ipykernel_724967/3638862659.py:63}INFO:sigma =1
[2024-05-10 00:28:46,263]{/tmp/ipykernel_724967/3638862659.py:64}INFO:hop =2
[2024-05-10 00:28:46,263]{/tmp/ipykernel_724967/3638862659.py:65}INFO:step =4
[2024-05-10 00:28:46,263]{/tmp/ipykernel_724967/3638862659.py:66}INFO:time =0.2
[2024-05-10 00:28:46,517]{/tmp/ipykernel_724967/3638862659.py:94}INFO:node: 0
[2024-05-10 00:28:46,518]{/tmp/ipykernel_724967/3638862659.py:96}INFO:Top 5 Score = 0.95
[2024-05-10 00:28:46,518]{/tmp/ipykernel_724967/3638862659.py:96}INFO:Top 10 Score = 1.0
[2024-05-10 00:28:46,518]{/tmp/ipykernel_724967/3638862659.py:96}INFO:Top 20 Score = 1.0
[2024-05-10 00:28:46,519]{/tmp/ipykernel_724967/3638862659.py:94}INFO:node: 1
[2024-05-10 00:28:46,520]{/tmp/ipykernel_724967/3638862659.py:96}INFO:Top 5 Score = 0.5
[2024-05-10 00:28:46,520]{/tmp/ipykernel_724967/3638862659.py:96}INFO:Top 10 Score = 0.73
[2024-05-10 00:28:46,520]{/tmp/ipykernel_724967/3638862659.py:96}INFO:Top 20 Score = 0.87
[2024-05-10 00:28:46,521]{/tmp/ipykernel_724967/3638862659.py:94}INFO:node: 2
[2024-05-10 00:28:46,521]{/tmp/ipykernel_724967/3638862659.py:96}INFO:Top 5 Score = 0.26
[2024-05-10 00:28:46,521]{/tmp/ipykernel_724967/3638862659.py:96}INFO:Top 10 Score = 0.65
[2024-05-10 00:28:46,522]{/tmp/ipykernel_724967/3638862659.py:96}INFO:Top 20 Score = 0.98
[2024-05-10 00:28:46,523]{/tmp/ipykernel_724967/3638862659.py:94}INFO:node: 3
[2024-05-10 00:28:46,523]{/tmp/ipykernel_724967/3638862659.py:96}INFO:Top 5 Score = 0.19
[2024-05-10 00:28:46,524]{/tmp/ipykernel_724967/3638862659.py:96}INFO:Top 10 Score = 0.67
[2024-05-10 00:28:46,524]{/tmp/ipykernel_724967/3638862659.py:96}INFO:Top 20 Score = 0.99
[2024-05-10 00:28:46,524]{/tmp/ipykernel_724967/3638862659.py:94}INFO:node: 4
[2024-05-10 00:28:46,525]{/tmp/ipykernel_724967/3638862659.py:96}INFO:Top 5 Score = 0.25
[2024-05-10 00:28:46,525]{/tmp/ipykernel_724967/3638862659.py:96}INFO:Top 10 Score = 0.67
[2024-05-10 00:28:46,525]{/tmp/ipykernel_724967/3638862659.py:96}INFO:Top 20 Score = 0.99
[2024-05-10 00:28:46,526]{/tmp/ipykernel_724967/3638862659.py:94}INFO:node: 5
[2024-05-10 00:28:46,526]{/tmp/ipykernel_724967/3638862659.py:96}INFO:Top 5 Score = 0.3
[2024-05-10 00:28:46,527]{/tmp/ipykernel_724967/3638862659.py:96}INFO:Top 10 Score = 0.68
[2024-05-10 00:28:46,528]{/tmp/ipykernel_724967/3638862659.py:96}INFO:Top 20 Score = 0.99
[2024-05-10 00:29:40,729]{/tmp/ipykernel_724967/3638862659.py:62}INFO:AMKS: center_stable_random_graph3
[2024-05-10 00:29:40,729]{/tmp/ipykernel_724967/3638862659.py:63}INFO:sigma =1
[2024-05-10 00:29:40,729]{/tmp/ipykernel_724967/3638862659.py:64}INFO:hop =2
[2024-05-10 00:29:40,730]{/tmp/ipykernel_724967/3638862659.py:65}INFO:step =4
[2024-05-10 00:29:40,730]{/tmp/ipykernel_724967/3638862659.py:66}INFO:time =0.2
[2024-05-10 00:29:40,955]{/tmp/ipykernel_724967/3638862659.py:94}INFO:node: 0
[2024-05-10 00:29:40,956]{/tmp/ipykernel_724967/3638862659.py:96}INFO:Top 5 Score = 0.95
[2024-05-10 00:29:40,957]{/tmp/ipykernel_724967/3638862659.py:96}INFO:Top 10 Score = 1.0
[2024-05-10 00:29:40,957]{/tmp/ipykernel_724967/3638862659.py:96}INFO:Top 20 Score = 1.0
[2024-05-10 00:29:40,957]{/tmp/ipykernel_724967/3638862659.py:94}INFO:node: 1
[2024-05-10 00:29:40,957]{/tmp/ipykernel_724967/3638862659.py:96}INFO:Top 5 Score = 0.5
[2024-05-10 00:29:40,957]{/tmp/ipykernel_724967/3638862659.py:96}INFO:Top 10 Score = 0.73
[2024-05-10 00:29:40,958]{/tmp/ipykernel_724967/3638862659.py:96}INFO:Top 20 Score = 0.87
[2024-05-10 00:29:40,958]{/tmp/ipykernel_724967/3638862659.py:94}INFO:node: 2
[2024-05-10 00:29:40,959]{/tmp/ipykernel_724967/3638862659.py:96}INFO:Top 5 Score = 0.26
[2024-05-10 00:29:40,959]{/tmp/ipykernel_724967/3638862659.py:96}INFO:Top 10 Score = 0.65
[2024-05-10 00:29:40,960]{/tmp/ipykernel_724967/3638862659.py:96}INFO:Top 20 Score = 0.98
[2024-05-10 00:29:40,960]{/tmp/ipykernel_724967/3638862659.py:94}INFO:node: 3
[2024-05-10 00:29:40,960]{/tmp/ipykernel_724967/3638862659.py:96}INFO:Top 5 Score = 0.19
[2024-05-10 00:29:40,961]{/tmp/ipykernel_724967/3638862659.py:96}INFO:Top 10 Score = 0.67
[2024-05-10 00:29:40,961]{/tmp/ipykernel_724967/3638862659.py:96}INFO:Top 20 Score = 0.99
[2024-05-10 00:29:40,961]{/tmp/ipykernel_724967/3638862659.py:94}INFO:node: 4
[2024-05-10 00:29:40,962]{/tmp/ipykernel_724967/3638862659.py:96}INFO:Top 5 Score = 0.25
[2024-05-10 00:29:40,962]{/tmp/ipykernel_724967/3638862659.py:96}INFO:Top 10 Score = 0.67
[2024-05-10 00:29:40,963]{/tmp/ipykernel_724967/3638862659.py:96}INFO:Top 20 Score = 0.99
[2024-05-10 00:29:40,963]{/tmp/ipykernel_724967/3638862659.py:94}INFO:node: 5
[2024-05-10 00:29:40,963]{/tmp/ipykernel_724967/3638862659.py:96}INFO:Top 5 Score = 0.3
[2024-05-10 00:29:40,965]{/tmp/ipykernel_724967/3638862659.py:96}INFO:Top 10 Score = 0.68
[2024-05-10 00:29:40,965]{/tmp/ipykernel_724967/3638862659.py:96}INFO:Top 20 Score = 0.99
[2024-05-10 00:30:01,502]{/tmp/ipykernel_724967/3638862659.py:62}INFO:AMKS: center_stable_random_graph3
[2024-05-10 00:30:01,502]{/tmp/ipykernel_724967/3638862659.py:63}INFO:sigma =1
[2024-05-10 00:30:01,502]{/tmp/ipykernel_724967/3638862659.py:64}INFO:hop =2
[2024-05-10 00:30:01,502]{/tmp/ipykernel_724967/3638862659.py:65}INFO:step =4
[2024-05-10 00:30:01,502]{/tmp/ipykernel_724967/3638862659.py:66}INFO:time =0.2
[2024-05-10 00:30:01,740]{/tmp/ipykernel_724967/3638862659.py:94}INFO:node: 0
[2024-05-10 00:30:01,740]{/tmp/ipykernel_724967/3638862659.py:96}INFO:Top 5 Score = 0.95
[2024-05-10 00:30:01,740]{/tmp/ipykernel_724967/3638862659.py:96}INFO:Top 10 Score = 1.0
[2024-05-10 00:30:01,741]{/tmp/ipykernel_724967/3638862659.py:96}INFO:Top 20 Score = 1.0
[2024-05-10 00:30:01,741]{/tmp/ipykernel_724967/3638862659.py:94}INFO:node: 1
[2024-05-10 00:30:01,741]{/tmp/ipykernel_724967/3638862659.py:96}INFO:Top 5 Score = 0.5
[2024-05-10 00:30:01,741]{/tmp/ipykernel_724967/3638862659.py:96}INFO:Top 10 Score = 0.73
[2024-05-10 00:30:01,742]{/tmp/ipykernel_724967/3638862659.py:96}INFO:Top 20 Score = 0.87
[2024-05-10 00:30:01,742]{/tmp/ipykernel_724967/3638862659.py:94}INFO:node: 2
[2024-05-10 00:30:01,742]{/tmp/ipykernel_724967/3638862659.py:96}INFO:Top 5 Score = 0.26
[2024-05-10 00:30:01,743]{/tmp/ipykernel_724967/3638862659.py:96}INFO:Top 10 Score = 0.65
[2024-05-10 00:30:01,743]{/tmp/ipykernel_724967/3638862659.py:96}INFO:Top 20 Score = 0.98
[2024-05-10 00:30:01,744]{/tmp/ipykernel_724967/3638862659.py:94}INFO:node: 3
[2024-05-10 00:30:01,744]{/tmp/ipykernel_724967/3638862659.py:96}INFO:Top 5 Score = 0.19
[2024-05-10 00:30:01,744]{/tmp/ipykernel_724967/3638862659.py:96}INFO:Top 10 Score = 0.67
[2024-05-10 00:30:01,745]{/tmp/ipykernel_724967/3638862659.py:96}INFO:Top 20 Score = 0.99
[2024-05-10 00:30:01,745]{/tmp/ipykernel_724967/3638862659.py:94}INFO:node: 4
[2024-05-10 00:30:01,745]{/tmp/ipykernel_724967/3638862659.py:96}INFO:Top 5 Score = 0.25
[2024-05-10 00:30:01,746]{/tmp/ipykernel_724967/3638862659.py:96}INFO:Top 10 Score = 0.67
[2024-05-10 00:30:01,747]{/tmp/ipykernel_724967/3638862659.py:96}INFO:Top 20 Score = 0.99
[2024-05-10 00:30:01,747]{/tmp/ipykernel_724967/3638862659.py:94}INFO:node: 5
[2024-05-10 00:30:01,748]{/tmp/ipykernel_724967/3638862659.py:96}INFO:Top 5 Score = 0.3
[2024-05-10 00:30:01,748]{/tmp/ipykernel_724967/3638862659.py:96}INFO:Top 10 Score = 0.68
[2024-05-10 00:30:01,749]{/tmp/ipykernel_724967/3638862659.py:96}INFO:Top 20 Score = 0.99
